C:\Users\John\Documents\SkeletonBasics-D2D\Release\cl.command.1.tlog
C:\Users\John\Documents\SkeletonBasics-D2D\Release\CL.read.1.tlog
C:\Users\John\Documents\SkeletonBasics-D2D\Release\CL.write.1.tlog
C:\USERS\JOHN\DOCUMENTS\SKELETONBASICS-D2D\RELEASE\KINECTBVH.OBJ
C:\Users\John\Documents\SkeletonBasics-D2D\Release\link.command.1.tlog
C:\Users\John\Documents\SkeletonBasics-D2D\Release\link.read.1.tlog
C:\Users\John\Documents\SkeletonBasics-D2D\Release\link.write.1.tlog
C:\Users\John\Documents\SkeletonBasics-D2D\Release\link-cvtres.read.1.tlog
C:\Users\John\Documents\SkeletonBasics-D2D\Release\link-cvtres.write.1.tlog
C:\Users\John\Documents\SkeletonBasics-D2D\Release\mt.command.1.tlog
C:\Users\John\Documents\SkeletonBasics-D2D\Release\mt.read.1.tlog
C:\Users\John\Documents\SkeletonBasics-D2D\Release\mt.write.1.tlog
C:\Users\John\Documents\SkeletonBasics-D2D\Release\rc.command.1.tlog
C:\Users\John\Documents\SkeletonBasics-D2D\Release\rc.read.1.tlog
C:\Users\John\Documents\SkeletonBasics-D2D\Release\rc.write.1.tlog
C:\USERS\JOHN\DOCUMENTS\SKELETONBASICS-D2D\RELEASE\SKELETONBASICS.OBJ
C:\USERS\JOHN\DOCUMENTS\SKELETONBASICS-D2D\RELEASE\SKELETONBASICS.RES
C:\USERS\JOHN\DOCUMENTS\SKELETONBASICS-D2D\RELEASE\SKELETONBASICS-D2D.EXE
C:\USERS\JOHN\DOCUMENTS\SKELETONBASICS-D2D\RELEASE\SKELETONBASICS-D2D.EXE.INTERMEDIATE.MANIFEST
C:\USERS\JOHN\DOCUMENTS\SKELETONBASICS-D2D\RELEASE\SKELETONBASICS-D2D.PDB
C:\USERS\JOHN\DOCUMENTS\SKELETONBASICS-D2D\RELEASE\VC100.PDB
