C:\Users\John\Documents\SkeletonBasics-D2D\Debug\cl.command.1.tlog
C:\Users\John\Documents\SkeletonBasics-D2D\Debug\CL.read.1.tlog
C:\Users\John\Documents\SkeletonBasics-D2D\Debug\CL.write.1.tlog
C:\USERS\JOHN\DOCUMENTS\SKELETONBASICS-D2D\DEBUG\KINECTBVH.OBJ
C:\Users\John\Documents\SkeletonBasics-D2D\Debug\link.command.1.tlog
C:\Users\John\Documents\SkeletonBasics-D2D\Debug\link.read.1.tlog
C:\Users\John\Documents\SkeletonBasics-D2D\Debug\link.write.1.tlog
C:\Users\John\Documents\SkeletonBasics-D2D\Debug\link-cvtres.read.1.tlog
C:\Users\John\Documents\SkeletonBasics-D2D\Debug\link-cvtres.write.1.tlog
C:\Users\John\Documents\SkeletonBasics-D2D\Debug\mt.command.1.tlog
C:\Users\John\Documents\SkeletonBasics-D2D\Debug\mt.read.1.tlog
C:\Users\John\Documents\SkeletonBasics-D2D\Debug\mt.write.1.tlog
C:\Users\John\Documents\SkeletonBasics-D2D\Debug\rc.command.1.tlog
C:\Users\John\Documents\SkeletonBasics-D2D\Debug\rc.read.1.tlog
C:\Users\John\Documents\SkeletonBasics-D2D\Debug\rc.write.1.tlog
C:\USERS\JOHN\DOCUMENTS\SKELETONBASICS-D2D\DEBUG\SKELETONBASICS.OBJ
C:\USERS\JOHN\DOCUMENTS\SKELETONBASICS-D2D\DEBUG\SKELETONBASICS.RES
C:\USERS\JOHN\DOCUMENTS\SKELETONBASICS-D2D\DEBUG\SKELETONBASICS-D2D.EXE
C:\USERS\JOHN\DOCUMENTS\SKELETONBASICS-D2D\DEBUG\SKELETONBASICS-D2D.EXE.EMBED.MANIFEST
C:\USERS\JOHN\DOCUMENTS\SKELETONBASICS-D2D\DEBUG\SKELETONBASICS-D2D.EXE.EMBED.MANIFEST.RES
C:\USERS\JOHN\DOCUMENTS\SKELETONBASICS-D2D\DEBUG\SKELETONBASICS-D2D.EXE.INTERMEDIATE.MANIFEST
C:\USERS\JOHN\DOCUMENTS\SKELETONBASICS-D2D\DEBUG\SKELETONBASICS-D2D.ILK
C:\USERS\JOHN\DOCUMENTS\SKELETONBASICS-D2D\DEBUG\SKELETONBASICS-D2D.PDB
C:\Users\John\Documents\SkeletonBasics-D2D\Debug\SkeletonBasics-D2D_manifest.rc
C:\Users\John\Documents\SkeletonBasics-D2D\Debug\vc100.idb
C:\USERS\JOHN\DOCUMENTS\SKELETONBASICS-D2D\DEBUG\VC100.PDB
